0 info it worked if it ends with ok
1 verbose cli [ '/usr/local/Cellar/node/5.0.0/bin/node',
1 verbose cli   '/usr/local/bin/npm',
1 verbose cli   'start' ]
2 info using npm@3.3.9
3 info using node@v5.0.0
4 verbose run-script [ 'prestart', 'start', 'poststart' ]
5 info lifecycle gda-dashboard@1.0.0~prestart: gda-dashboard@1.0.0
6 silly lifecycle gda-dashboard@1.0.0~prestart: no script for prestart, continuing
7 info lifecycle gda-dashboard@1.0.0~start: gda-dashboard@1.0.0
8 verbose lifecycle gda-dashboard@1.0.0~start: unsafe-perm in lifecycle true
9 verbose lifecycle gda-dashboard@1.0.0~start: PATH: /usr/local/lib/node_modules/npm/bin/node-gyp-bin:/Users/claralinos/Sites/GDA-Dashboard/node_modules/.bin:/usr/local/var/rbenv/shims:/usr/local/sbin:/usr/local/bin:/Users/claralinos/bin:/usr/local/bin:/usr/bin:/bin:/usr/sbin:/sbin
10 verbose lifecycle gda-dashboard@1.0.0~start: CWD: /Users/claralinos/Sites/GDA-Dashboard
11 silly lifecycle gda-dashboard@1.0.0~start: Args: [ '-c', 'grunt' ]
12 silly lifecycle gda-dashboard@1.0.0~start: Returned: code: 6  signal: null
13 info lifecycle gda-dashboard@1.0.0~start: Failed to exec start script
14 verbose stack Error: gda-dashboard@1.0.0 start: `grunt`
14 verbose stack Exit status 6
14 verbose stack     at EventEmitter.<anonymous> (/usr/local/lib/node_modules/npm/lib/utils/lifecycle.js:233:16)
14 verbose stack     at emitTwo (events.js:87:13)
14 verbose stack     at EventEmitter.emit (events.js:172:7)
14 verbose stack     at ChildProcess.<anonymous> (/usr/local/lib/node_modules/npm/lib/utils/spawn.js:24:14)
14 verbose stack     at emitTwo (events.js:87:13)
14 verbose stack     at ChildProcess.emit (events.js:172:7)
14 verbose stack     at maybeClose (internal/child_process.js:818:16)
14 verbose stack     at Process.ChildProcess._handle.onexit (internal/child_process.js:211:5)
15 verbose pkgid gda-dashboard@1.0.0
16 verbose cwd /Users/claralinos/Sites/GDA-Dashboard
17 error Darwin 14.5.0
18 error argv "/usr/local/Cellar/node/5.0.0/bin/node" "/usr/local/bin/npm" "start"
19 error node v5.0.0
20 error npm  v3.3.9
21 error code ELIFECYCLE
22 error gda-dashboard@1.0.0 start: `grunt`
22 error Exit status 6
23 error Failed at the gda-dashboard@1.0.0 start script 'grunt'.
23 error This is most likely a problem with the gda-dashboard package,
23 error not with npm itself.
23 error Tell the author that this fails on your system:
23 error     grunt
23 error You can get their info via:
23 error     npm owner ls gda-dashboard
23 error There is likely additional logging output above.
24 verbose exit [ 1, true ]
